<?xml version="1.0" encoding="UTF-8"?>
<testng-results ignored="0" total="1" passed="1" failed="0" skipped="0">
  <reporter-output>
  </reporter-output>
  <suite started-at="2021-12-21T15:39:36 IST" name="Default suite" finished-at="2021-12-21T15:39:53 IST" duration-ms="17230">
    <groups>
    </groups>
    <test started-at="2021-12-21T15:39:36 IST" name="Default test" finished-at="2021-12-21T15:39:53 IST" duration-ms="17230">
      <class name="tests.FirstTest">
        <test-method signature="f()[pri:0, instance:tests.FirstTest@73e22a3d]" started-at="2021-12-21T15:39:36 IST" name="f" finished-at="2021-12-21T15:39:53 IST" duration-ms="17148" status="PASS">
          <reporter-output>
          </reporter-output>
        </test-method> <!-- f -->
      </class> <!-- tests.FirstTest -->
    </test> <!-- Default test -->
  </suite> <!-- Default suite -->
</testng-results>
